<?xml version="1.0" encoding="UTF-8"?>
<testsuite failures="0" skip="0" tests="1" name="Acceptance" errors="0">
<testcase classname="Acceptance.Test Case 1" name="Check out joe colantonio dot com" time="42">
</testcase>
</testsuite>
